172  [pool-1-thread-1] WARN  org.hibernate.internal.util.xml.DTDEntityResolver  - HHH000223: Recognized obsolete hibernate namespace http://hibernate.sourceforge.net/. Use namespace http://www.hibernate.org/dtd/ instead. Refer to Hibernate 3.6 Migration Guide!
318  [pool-1-thread-1] WARN  org.hibernate.internal.util.xml.DTDEntityResolver  - HHH000223: Recognized obsolete hibernate namespace http://hibernate.sourceforge.net/. Use namespace http://www.hibernate.org/dtd/ instead. Refer to Hibernate 3.6 Migration Guide!
382  [pool-1-thread-1] WARN  org.hibernate.internal.util.xml.DTDEntityResolver  - HHH000223: Recognized obsolete hibernate namespace http://hibernate.sourceforge.net/. Use namespace http://www.hibernate.org/dtd/ instead. Refer to Hibernate 3.6 Migration Guide!
419  [pool-1-thread-1] WARN  org.hibernate.internal.util.xml.DTDEntityResolver  - HHH000223: Recognized obsolete hibernate namespace http://hibernate.sourceforge.net/. Use namespace http://www.hibernate.org/dtd/ instead. Refer to Hibernate 3.6 Migration Guide!
451  [pool-1-thread-1] WARN  org.hibernate.internal.util.xml.DTDEntityResolver  - HHH000223: Recognized obsolete hibernate namespace http://hibernate.sourceforge.net/. Use namespace http://www.hibernate.org/dtd/ instead. Refer to Hibernate 3.6 Migration Guide!
474  [pool-1-thread-1] WARN  org.hibernate.internal.util.xml.DTDEntityResolver  - HHH000223: Recognized obsolete hibernate namespace http://hibernate.sourceforge.net/. Use namespace http://www.hibernate.org/dtd/ instead. Refer to Hibernate 3.6 Migration Guide!
510  [pool-1-thread-1] WARN  org.hibernate.internal.util.xml.DTDEntityResolver  - HHH000223: Recognized obsolete hibernate namespace http://hibernate.sourceforge.net/. Use namespace http://www.hibernate.org/dtd/ instead. Refer to Hibernate 3.6 Migration Guide!
30201 [Asterisk-Java DaemonPool-1-thread-1] WARN  org.hibernate.internal.util.xml.DTDEntityResolver  - HHH000223: Recognized obsolete hibernate namespace http://hibernate.sourceforge.net/. Use namespace http://www.hibernate.org/dtd/ instead. Refer to Hibernate 3.6 Migration Guide!
30253 [Asterisk-Java DaemonPool-1-thread-1] WARN  org.hibernate.internal.util.xml.DTDEntityResolver  - HHH000223: Recognized obsolete hibernate namespace http://hibernate.sourceforge.net/. Use namespace http://www.hibernate.org/dtd/ instead. Refer to Hibernate 3.6 Migration Guide!
30303 [Asterisk-Java DaemonPool-1-thread-1] WARN  org.hibernate.internal.util.xml.DTDEntityResolver  - HHH000223: Recognized obsolete hibernate namespace http://hibernate.sourceforge.net/. Use namespace http://www.hibernate.org/dtd/ instead. Refer to Hibernate 3.6 Migration Guide!
30359 [Asterisk-Java DaemonPool-1-thread-1] WARN  org.hibernate.internal.util.xml.DTDEntityResolver  - HHH000223: Recognized obsolete hibernate namespace http://hibernate.sourceforge.net/. Use namespace http://www.hibernate.org/dtd/ instead. Refer to Hibernate 3.6 Migration Guide!
30389 [Asterisk-Java DaemonPool-1-thread-1] WARN  org.hibernate.internal.util.xml.DTDEntityResolver  - HHH000223: Recognized obsolete hibernate namespace http://hibernate.sourceforge.net/. Use namespace http://www.hibernate.org/dtd/ instead. Refer to Hibernate 3.6 Migration Guide!
30414 [Asterisk-Java DaemonPool-1-thread-1] WARN  org.hibernate.internal.util.xml.DTDEntityResolver  - HHH000223: Recognized obsolete hibernate namespace http://hibernate.sourceforge.net/. Use namespace http://www.hibernate.org/dtd/ instead. Refer to Hibernate 3.6 Migration Guide!
30444 [Asterisk-Java DaemonPool-1-thread-1] WARN  org.hibernate.internal.util.xml.DTDEntityResolver  - HHH000223: Recognized obsolete hibernate namespace http://hibernate.sourceforge.net/. Use namespace http://www.hibernate.org/dtd/ instead. Refer to Hibernate 3.6 Migration Guide!
87   [pool-1-thread-1] WARN  org.hibernate.internal.util.xml.DTDEntityResolver  - HHH000223: Recognized obsolete hibernate namespace http://hibernate.sourceforge.net/. Use namespace http://www.hibernate.org/dtd/ instead. Refer to Hibernate 3.6 Migration Guide!
135  [pool-1-thread-1] WARN  org.hibernate.internal.util.xml.DTDEntityResolver  - HHH000223: Recognized obsolete hibernate namespace http://hibernate.sourceforge.net/. Use namespace http://www.hibernate.org/dtd/ instead. Refer to Hibernate 3.6 Migration Guide!
187  [pool-1-thread-1] WARN  org.hibernate.internal.util.xml.DTDEntityResolver  - HHH000223: Recognized obsolete hibernate namespace http://hibernate.sourceforge.net/. Use namespace http://www.hibernate.org/dtd/ instead. Refer to Hibernate 3.6 Migration Guide!
248  [pool-1-thread-1] WARN  org.hibernate.internal.util.xml.DTDEntityResolver  - HHH000223: Recognized obsolete hibernate namespace http://hibernate.sourceforge.net/. Use namespace http://www.hibernate.org/dtd/ instead. Refer to Hibernate 3.6 Migration Guide!
284  [pool-1-thread-1] WARN  org.hibernate.internal.util.xml.DTDEntityResolver  - HHH000223: Recognized obsolete hibernate namespace http://hibernate.sourceforge.net/. Use namespace http://www.hibernate.org/dtd/ instead. Refer to Hibernate 3.6 Migration Guide!
313  [pool-1-thread-1] WARN  org.hibernate.internal.util.xml.DTDEntityResolver  - HHH000223: Recognized obsolete hibernate namespace http://hibernate.sourceforge.net/. Use namespace http://www.hibernate.org/dtd/ instead. Refer to Hibernate 3.6 Migration Guide!
344  [pool-1-thread-1] WARN  org.hibernate.internal.util.xml.DTDEntityResolver  - HHH000223: Recognized obsolete hibernate namespace http://hibernate.sourceforge.net/. Use namespace http://www.hibernate.org/dtd/ instead. Refer to Hibernate 3.6 Migration Guide!
28313 [Asterisk-Java DaemonPool-1-thread-1] WARN  org.hibernate.internal.util.xml.DTDEntityResolver  - HHH000223: Recognized obsolete hibernate namespace http://hibernate.sourceforge.net/. Use namespace http://www.hibernate.org/dtd/ instead. Refer to Hibernate 3.6 Migration Guide!
28367 [Asterisk-Java DaemonPool-1-thread-1] WARN  org.hibernate.internal.util.xml.DTDEntityResolver  - HHH000223: Recognized obsolete hibernate namespace http://hibernate.sourceforge.net/. Use namespace http://www.hibernate.org/dtd/ instead. Refer to Hibernate 3.6 Migration Guide!
28430 [Asterisk-Java DaemonPool-1-thread-1] WARN  org.hibernate.internal.util.xml.DTDEntityResolver  - HHH000223: Recognized obsolete hibernate namespace http://hibernate.sourceforge.net/. Use namespace http://www.hibernate.org/dtd/ instead. Refer to Hibernate 3.6 Migration Guide!
28477 [Asterisk-Java DaemonPool-1-thread-1] WARN  org.hibernate.internal.util.xml.DTDEntityResolver  - HHH000223: Recognized obsolete hibernate namespace http://hibernate.sourceforge.net/. Use namespace http://www.hibernate.org/dtd/ instead. Refer to Hibernate 3.6 Migration Guide!
28505 [Asterisk-Java DaemonPool-1-thread-1] WARN  org.hibernate.internal.util.xml.DTDEntityResolver  - HHH000223: Recognized obsolete hibernate namespace http://hibernate.sourceforge.net/. Use namespace http://www.hibernate.org/dtd/ instead. Refer to Hibernate 3.6 Migration Guide!
28526 [Asterisk-Java DaemonPool-1-thread-1] WARN  org.hibernate.internal.util.xml.DTDEntityResolver  - HHH000223: Recognized obsolete hibernate namespace http://hibernate.sourceforge.net/. Use namespace http://www.hibernate.org/dtd/ instead. Refer to Hibernate 3.6 Migration Guide!
28548 [Asterisk-Java DaemonPool-1-thread-1] WARN  org.hibernate.internal.util.xml.DTDEntityResolver  - HHH000223: Recognized obsolete hibernate namespace http://hibernate.sourceforge.net/. Use namespace http://www.hibernate.org/dtd/ instead. Refer to Hibernate 3.6 Migration Guide!
228  [pool-1-thread-1] WARN  org.hibernate.internal.util.xml.DTDEntityResolver  - HHH000223: Recognized obsolete hibernate namespace http://hibernate.sourceforge.net/. Use namespace http://www.hibernate.org/dtd/ instead. Refer to Hibernate 3.6 Migration Guide!
279  [pool-1-thread-1] WARN  org.hibernate.internal.util.xml.DTDEntityResolver  - HHH000223: Recognized obsolete hibernate namespace http://hibernate.sourceforge.net/. Use namespace http://www.hibernate.org/dtd/ instead. Refer to Hibernate 3.6 Migration Guide!
348  [pool-1-thread-1] WARN  org.hibernate.internal.util.xml.DTDEntityResolver  - HHH000223: Recognized obsolete hibernate namespace http://hibernate.sourceforge.net/. Use namespace http://www.hibernate.org/dtd/ instead. Refer to Hibernate 3.6 Migration Guide!
394  [pool-1-thread-1] WARN  org.hibernate.internal.util.xml.DTDEntityResolver  - HHH000223: Recognized obsolete hibernate namespace http://hibernate.sourceforge.net/. Use namespace http://www.hibernate.org/dtd/ instead. Refer to Hibernate 3.6 Migration Guide!
424  [pool-1-thread-1] WARN  org.hibernate.internal.util.xml.DTDEntityResolver  - HHH000223: Recognized obsolete hibernate namespace http://hibernate.sourceforge.net/. Use namespace http://www.hibernate.org/dtd/ instead. Refer to Hibernate 3.6 Migration Guide!
454  [pool-1-thread-1] WARN  org.hibernate.internal.util.xml.DTDEntityResolver  - HHH000223: Recognized obsolete hibernate namespace http://hibernate.sourceforge.net/. Use namespace http://www.hibernate.org/dtd/ instead. Refer to Hibernate 3.6 Migration Guide!
477  [pool-1-thread-1] WARN  org.hibernate.internal.util.xml.DTDEntityResolver  - HHH000223: Recognized obsolete hibernate namespace http://hibernate.sourceforge.net/. Use namespace http://www.hibernate.org/dtd/ instead. Refer to Hibernate 3.6 Migration Guide!
1752 [pool-1-thread-1] ERROR org.raxa.module.MedicalInformation.MedicineInformer  - Error in getPatientListOnTime
1805 [pool-1-thread-1] ERROR org.raxa.module.MedicalInformation.MedicineInformer  - Error in getPatientListOnTime
231  [pool-1-thread-1] WARN  org.hibernate.internal.util.xml.DTDEntityResolver  - HHH000223: Recognized obsolete hibernate namespace http://hibernate.sourceforge.net/. Use namespace http://www.hibernate.org/dtd/ instead. Refer to Hibernate 3.6 Migration Guide!
283  [pool-1-thread-1] WARN  org.hibernate.internal.util.xml.DTDEntityResolver  - HHH000223: Recognized obsolete hibernate namespace http://hibernate.sourceforge.net/. Use namespace http://www.hibernate.org/dtd/ instead. Refer to Hibernate 3.6 Migration Guide!
354  [pool-1-thread-1] WARN  org.hibernate.internal.util.xml.DTDEntityResolver  - HHH000223: Recognized obsolete hibernate namespace http://hibernate.sourceforge.net/. Use namespace http://www.hibernate.org/dtd/ instead. Refer to Hibernate 3.6 Migration Guide!
400  [pool-1-thread-1] WARN  org.hibernate.internal.util.xml.DTDEntityResolver  - HHH000223: Recognized obsolete hibernate namespace http://hibernate.sourceforge.net/. Use namespace http://www.hibernate.org/dtd/ instead. Refer to Hibernate 3.6 Migration Guide!
428  [pool-1-thread-1] WARN  org.hibernate.internal.util.xml.DTDEntityResolver  - HHH000223: Recognized obsolete hibernate namespace http://hibernate.sourceforge.net/. Use namespace http://www.hibernate.org/dtd/ instead. Refer to Hibernate 3.6 Migration Guide!
459  [pool-1-thread-1] WARN  org.hibernate.internal.util.xml.DTDEntityResolver  - HHH000223: Recognized obsolete hibernate namespace http://hibernate.sourceforge.net/. Use namespace http://www.hibernate.org/dtd/ instead. Refer to Hibernate 3.6 Migration Guide!
484  [pool-1-thread-1] WARN  org.hibernate.internal.util.xml.DTDEntityResolver  - HHH000223: Recognized obsolete hibernate namespace http://hibernate.sourceforge.net/. Use namespace http://www.hibernate.org/dtd/ instead. Refer to Hibernate 3.6 Migration Guide!
226  [pool-1-thread-1] WARN  org.hibernate.internal.util.xml.DTDEntityResolver  - HHH000223: Recognized obsolete hibernate namespace http://hibernate.sourceforge.net/. Use namespace http://www.hibernate.org/dtd/ instead. Refer to Hibernate 3.6 Migration Guide!
277  [pool-1-thread-1] WARN  org.hibernate.internal.util.xml.DTDEntityResolver  - HHH000223: Recognized obsolete hibernate namespace http://hibernate.sourceforge.net/. Use namespace http://www.hibernate.org/dtd/ instead. Refer to Hibernate 3.6 Migration Guide!
342  [pool-1-thread-1] WARN  org.hibernate.internal.util.xml.DTDEntityResolver  - HHH000223: Recognized obsolete hibernate namespace http://hibernate.sourceforge.net/. Use namespace http://www.hibernate.org/dtd/ instead. Refer to Hibernate 3.6 Migration Guide!
394  [pool-1-thread-1] WARN  org.hibernate.internal.util.xml.DTDEntityResolver  - HHH000223: Recognized obsolete hibernate namespace http://hibernate.sourceforge.net/. Use namespace http://www.hibernate.org/dtd/ instead. Refer to Hibernate 3.6 Migration Guide!
423  [pool-1-thread-1] WARN  org.hibernate.internal.util.xml.DTDEntityResolver  - HHH000223: Recognized obsolete hibernate namespace http://hibernate.sourceforge.net/. Use namespace http://www.hibernate.org/dtd/ instead. Refer to Hibernate 3.6 Migration Guide!
453  [pool-1-thread-1] WARN  org.hibernate.internal.util.xml.DTDEntityResolver  - HHH000223: Recognized obsolete hibernate namespace http://hibernate.sourceforge.net/. Use namespace http://www.hibernate.org/dtd/ instead. Refer to Hibernate 3.6 Migration Guide!
477  [pool-1-thread-1] WARN  org.hibernate.internal.util.xml.DTDEntityResolver  - HHH000223: Recognized obsolete hibernate namespace http://hibernate.sourceforge.net/. Use namespace http://www.hibernate.org/dtd/ instead. Refer to Hibernate 3.6 Migration Guide!
229  [pool-1-thread-1] WARN  org.hibernate.internal.util.xml.DTDEntityResolver  - HHH000223: Recognized obsolete hibernate namespace http://hibernate.sourceforge.net/. Use namespace http://www.hibernate.org/dtd/ instead. Refer to Hibernate 3.6 Migration Guide!
283  [pool-1-thread-1] WARN  org.hibernate.internal.util.xml.DTDEntityResolver  - HHH000223: Recognized obsolete hibernate namespace http://hibernate.sourceforge.net/. Use namespace http://www.hibernate.org/dtd/ instead. Refer to Hibernate 3.6 Migration Guide!
353  [pool-1-thread-1] WARN  org.hibernate.internal.util.xml.DTDEntityResolver  - HHH000223: Recognized obsolete hibernate namespace http://hibernate.sourceforge.net/. Use namespace http://www.hibernate.org/dtd/ instead. Refer to Hibernate 3.6 Migration Guide!
400  [pool-1-thread-1] WARN  org.hibernate.internal.util.xml.DTDEntityResolver  - HHH000223: Recognized obsolete hibernate namespace http://hibernate.sourceforge.net/. Use namespace http://www.hibernate.org/dtd/ instead. Refer to Hibernate 3.6 Migration Guide!
425  [pool-1-thread-1] WARN  org.hibernate.internal.util.xml.DTDEntityResolver  - HHH000223: Recognized obsolete hibernate namespace http://hibernate.sourceforge.net/. Use namespace http://www.hibernate.org/dtd/ instead. Refer to Hibernate 3.6 Migration Guide!
447  [pool-1-thread-1] WARN  org.hibernate.internal.util.xml.DTDEntityResolver  - HHH000223: Recognized obsolete hibernate namespace http://hibernate.sourceforge.net/. Use namespace http://www.hibernate.org/dtd/ instead. Refer to Hibernate 3.6 Migration Guide!
470  [pool-1-thread-1] WARN  org.hibernate.internal.util.xml.DTDEntityResolver  - HHH000223: Recognized obsolete hibernate namespace http://hibernate.sourceforge.net/. Use namespace http://www.hibernate.org/dtd/ instead. Refer to Hibernate 3.6 Migration Guide!
257  [pool-1-thread-1] WARN  org.hibernate.internal.util.xml.DTDEntityResolver  - HHH000223: Recognized obsolete hibernate namespace http://hibernate.sourceforge.net/. Use namespace http://www.hibernate.org/dtd/ instead. Refer to Hibernate 3.6 Migration Guide!
315  [pool-1-thread-1] WARN  org.hibernate.internal.util.xml.DTDEntityResolver  - HHH000223: Recognized obsolete hibernate namespace http://hibernate.sourceforge.net/. Use namespace http://www.hibernate.org/dtd/ instead. Refer to Hibernate 3.6 Migration Guide!
374  [pool-1-thread-1] WARN  org.hibernate.internal.util.xml.DTDEntityResolver  - HHH000223: Recognized obsolete hibernate namespace http://hibernate.sourceforge.net/. Use namespace http://www.hibernate.org/dtd/ instead. Refer to Hibernate 3.6 Migration Guide!
413  [pool-1-thread-1] WARN  org.hibernate.internal.util.xml.DTDEntityResolver  - HHH000223: Recognized obsolete hibernate namespace http://hibernate.sourceforge.net/. Use namespace http://www.hibernate.org/dtd/ instead. Refer to Hibernate 3.6 Migration Guide!
444  [pool-1-thread-1] WARN  org.hibernate.internal.util.xml.DTDEntityResolver  - HHH000223: Recognized obsolete hibernate namespace http://hibernate.sourceforge.net/. Use namespace http://www.hibernate.org/dtd/ instead. Refer to Hibernate 3.6 Migration Guide!
469  [pool-1-thread-1] WARN  org.hibernate.internal.util.xml.DTDEntityResolver  - HHH000223: Recognized obsolete hibernate namespace http://hibernate.sourceforge.net/. Use namespace http://www.hibernate.org/dtd/ instead. Refer to Hibernate 3.6 Migration Guide!
491  [pool-1-thread-1] WARN  org.hibernate.internal.util.xml.DTDEntityResolver  - HHH000223: Recognized obsolete hibernate namespace http://hibernate.sourceforge.net/. Use namespace http://www.hibernate.org/dtd/ instead. Refer to Hibernate 3.6 Migration Guide!
233  [pool-1-thread-1] WARN  org.hibernate.internal.util.xml.DTDEntityResolver  - HHH000223: Recognized obsolete hibernate namespace http://hibernate.sourceforge.net/. Use namespace http://www.hibernate.org/dtd/ instead. Refer to Hibernate 3.6 Migration Guide!
292  [pool-1-thread-1] WARN  org.hibernate.internal.util.xml.DTDEntityResolver  - HHH000223: Recognized obsolete hibernate namespace http://hibernate.sourceforge.net/. Use namespace http://www.hibernate.org/dtd/ instead. Refer to Hibernate 3.6 Migration Guide!
361  [pool-1-thread-1] WARN  org.hibernate.internal.util.xml.DTDEntityResolver  - HHH000223: Recognized obsolete hibernate namespace http://hibernate.sourceforge.net/. Use namespace http://www.hibernate.org/dtd/ instead. Refer to Hibernate 3.6 Migration Guide!
407  [pool-1-thread-1] WARN  org.hibernate.internal.util.xml.DTDEntityResolver  - HHH000223: Recognized obsolete hibernate namespace http://hibernate.sourceforge.net/. Use namespace http://www.hibernate.org/dtd/ instead. Refer to Hibernate 3.6 Migration Guide!
436  [pool-1-thread-1] WARN  org.hibernate.internal.util.xml.DTDEntityResolver  - HHH000223: Recognized obsolete hibernate namespace http://hibernate.sourceforge.net/. Use namespace http://www.hibernate.org/dtd/ instead. Refer to Hibernate 3.6 Migration Guide!
466  [pool-1-thread-1] WARN  org.hibernate.internal.util.xml.DTDEntityResolver  - HHH000223: Recognized obsolete hibernate namespace http://hibernate.sourceforge.net/. Use namespace http://www.hibernate.org/dtd/ instead. Refer to Hibernate 3.6 Migration Guide!
492  [pool-1-thread-1] WARN  org.hibernate.internal.util.xml.DTDEntityResolver  - HHH000223: Recognized obsolete hibernate namespace http://hibernate.sourceforge.net/. Use namespace http://www.hibernate.org/dtd/ instead. Refer to Hibernate 3.6 Migration Guide!
234  [pool-1-thread-1] WARN  org.hibernate.internal.util.xml.DTDEntityResolver  - HHH000223: Recognized obsolete hibernate namespace http://hibernate.sourceforge.net/. Use namespace http://www.hibernate.org/dtd/ instead. Refer to Hibernate 3.6 Migration Guide!
288  [pool-1-thread-1] WARN  org.hibernate.internal.util.xml.DTDEntityResolver  - HHH000223: Recognized obsolete hibernate namespace http://hibernate.sourceforge.net/. Use namespace http://www.hibernate.org/dtd/ instead. Refer to Hibernate 3.6 Migration Guide!
353  [pool-1-thread-1] WARN  org.hibernate.internal.util.xml.DTDEntityResolver  - HHH000223: Recognized obsolete hibernate namespace http://hibernate.sourceforge.net/. Use namespace http://www.hibernate.org/dtd/ instead. Refer to Hibernate 3.6 Migration Guide!
404  [pool-1-thread-1] WARN  org.hibernate.internal.util.xml.DTDEntityResolver  - HHH000223: Recognized obsolete hibernate namespace http://hibernate.sourceforge.net/. Use namespace http://www.hibernate.org/dtd/ instead. Refer to Hibernate 3.6 Migration Guide!
436  [pool-1-thread-1] WARN  org.hibernate.internal.util.xml.DTDEntityResolver  - HHH000223: Recognized obsolete hibernate namespace http://hibernate.sourceforge.net/. Use namespace http://www.hibernate.org/dtd/ instead. Refer to Hibernate 3.6 Migration Guide!
466  [pool-1-thread-1] WARN  org.hibernate.internal.util.xml.DTDEntityResolver  - HHH000223: Recognized obsolete hibernate namespace http://hibernate.sourceforge.net/. Use namespace http://www.hibernate.org/dtd/ instead. Refer to Hibernate 3.6 Migration Guide!
498  [pool-1-thread-1] WARN  org.hibernate.internal.util.xml.DTDEntityResolver  - HHH000223: Recognized obsolete hibernate namespace http://hibernate.sourceforge.net/. Use namespace http://www.hibernate.org/dtd/ instead. Refer to Hibernate 3.6 Migration Guide!
231  [pool-1-thread-1] WARN  org.hibernate.internal.util.xml.DTDEntityResolver  - HHH000223: Recognized obsolete hibernate namespace http://hibernate.sourceforge.net/. Use namespace http://www.hibernate.org/dtd/ instead. Refer to Hibernate 3.6 Migration Guide!
287  [pool-1-thread-1] WARN  org.hibernate.internal.util.xml.DTDEntityResolver  - HHH000223: Recognized obsolete hibernate namespace http://hibernate.sourceforge.net/. Use namespace http://www.hibernate.org/dtd/ instead. Refer to Hibernate 3.6 Migration Guide!
358  [pool-1-thread-1] WARN  org.hibernate.internal.util.xml.DTDEntityResolver  - HHH000223: Recognized obsolete hibernate namespace http://hibernate.sourceforge.net/. Use namespace http://www.hibernate.org/dtd/ instead. Refer to Hibernate 3.6 Migration Guide!
408  [pool-1-thread-1] WARN  org.hibernate.internal.util.xml.DTDEntityResolver  - HHH000223: Recognized obsolete hibernate namespace http://hibernate.sourceforge.net/. Use namespace http://www.hibernate.org/dtd/ instead. Refer to Hibernate 3.6 Migration Guide!
440  [pool-1-thread-1] WARN  org.hibernate.internal.util.xml.DTDEntityResolver  - HHH000223: Recognized obsolete hibernate namespace http://hibernate.sourceforge.net/. Use namespace http://www.hibernate.org/dtd/ instead. Refer to Hibernate 3.6 Migration Guide!
470  [pool-1-thread-1] WARN  org.hibernate.internal.util.xml.DTDEntityResolver  - HHH000223: Recognized obsolete hibernate namespace http://hibernate.sourceforge.net/. Use namespace http://www.hibernate.org/dtd/ instead. Refer to Hibernate 3.6 Migration Guide!
503  [pool-1-thread-1] WARN  org.hibernate.internal.util.xml.DTDEntityResolver  - HHH000223: Recognized obsolete hibernate namespace http://hibernate.sourceforge.net/. Use namespace http://www.hibernate.org/dtd/ instead. Refer to Hibernate 3.6 Migration Guide!
150194 [Asterisk-Java DaemonPool-1-thread-2] WARN  org.hibernate.internal.util.xml.DTDEntityResolver  - HHH000223: Recognized obsolete hibernate namespace http://hibernate.sourceforge.net/. Use namespace http://www.hibernate.org/dtd/ instead. Refer to Hibernate 3.6 Migration Guide!
150247 [Asterisk-Java DaemonPool-1-thread-2] WARN  org.hibernate.internal.util.xml.DTDEntityResolver  - HHH000223: Recognized obsolete hibernate namespace http://hibernate.sourceforge.net/. Use namespace http://www.hibernate.org/dtd/ instead. Refer to Hibernate 3.6 Migration Guide!
150318 [Asterisk-Java DaemonPool-1-thread-2] WARN  org.hibernate.internal.util.xml.DTDEntityResolver  - HHH000223: Recognized obsolete hibernate namespace http://hibernate.sourceforge.net/. Use namespace http://www.hibernate.org/dtd/ instead. Refer to Hibernate 3.6 Migration Guide!
150370 [Asterisk-Java DaemonPool-1-thread-2] WARN  org.hibernate.internal.util.xml.DTDEntityResolver  - HHH000223: Recognized obsolete hibernate namespace http://hibernate.sourceforge.net/. Use namespace http://www.hibernate.org/dtd/ instead. Refer to Hibernate 3.6 Migration Guide!
150401 [Asterisk-Java DaemonPool-1-thread-2] WARN  org.hibernate.internal.util.xml.DTDEntityResolver  - HHH000223: Recognized obsolete hibernate namespace http://hibernate.sourceforge.net/. Use namespace http://www.hibernate.org/dtd/ instead. Refer to Hibernate 3.6 Migration Guide!
150428 [Asterisk-Java DaemonPool-1-thread-2] WARN  org.hibernate.internal.util.xml.DTDEntityResolver  - HHH000223: Recognized obsolete hibernate namespace http://hibernate.sourceforge.net/. Use namespace http://www.hibernate.org/dtd/ instead. Refer to Hibernate 3.6 Migration Guide!
150453 [Asterisk-Java DaemonPool-1-thread-2] WARN  org.hibernate.internal.util.xml.DTDEntityResolver  - HHH000223: Recognized obsolete hibernate namespace http://hibernate.sourceforge.net/. Use namespace http://www.hibernate.org/dtd/ instead. Refer to Hibernate 3.6 Migration Guide!
575  [pool-1-thread-1] WARN  org.hibernate.internal.util.xml.DTDEntityResolver  - HHH000223: Recognized obsolete hibernate namespace http://hibernate.sourceforge.net/. Use namespace http://www.hibernate.org/dtd/ instead. Refer to Hibernate 3.6 Migration Guide!
688  [pool-1-thread-1] WARN  org.hibernate.internal.util.xml.DTDEntityResolver  - HHH000223: Recognized obsolete hibernate namespace http://hibernate.sourceforge.net/. Use namespace http://www.hibernate.org/dtd/ instead. Refer to Hibernate 3.6 Migration Guide!
837  [pool-1-thread-1] WARN  org.hibernate.internal.util.xml.DTDEntityResolver  - HHH000223: Recognized obsolete hibernate namespace http://hibernate.sourceforge.net/. Use namespace http://www.hibernate.org/dtd/ instead. Refer to Hibernate 3.6 Migration Guide!
945  [pool-1-thread-1] WARN  org.hibernate.internal.util.xml.DTDEntityResolver  - HHH000223: Recognized obsolete hibernate namespace http://hibernate.sourceforge.net/. Use namespace http://www.hibernate.org/dtd/ instead. Refer to Hibernate 3.6 Migration Guide!
1009 [pool-1-thread-1] WARN  org.hibernate.internal.util.xml.DTDEntityResolver  - HHH000223: Recognized obsolete hibernate namespace http://hibernate.sourceforge.net/. Use namespace http://www.hibernate.org/dtd/ instead. Refer to Hibernate 3.6 Migration Guide!
1073 [pool-1-thread-1] WARN  org.hibernate.internal.util.xml.DTDEntityResolver  - HHH000223: Recognized obsolete hibernate namespace http://hibernate.sourceforge.net/. Use namespace http://www.hibernate.org/dtd/ instead. Refer to Hibernate 3.6 Migration Guide!
1142 [pool-1-thread-1] WARN  org.hibernate.internal.util.xml.DTDEntityResolver  - HHH000223: Recognized obsolete hibernate namespace http://hibernate.sourceforge.net/. Use namespace http://www.hibernate.org/dtd/ instead. Refer to Hibernate 3.6 Migration Guide!
144815 [Asterisk-Java DaemonPool-1-thread-1] WARN  org.hibernate.internal.util.xml.DTDEntityResolver  - HHH000223: Recognized obsolete hibernate namespace http://hibernate.sourceforge.net/. Use namespace http://www.hibernate.org/dtd/ instead. Refer to Hibernate 3.6 Migration Guide!
144926 [Asterisk-Java DaemonPool-1-thread-1] WARN  org.hibernate.internal.util.xml.DTDEntityResolver  - HHH000223: Recognized obsolete hibernate namespace http://hibernate.sourceforge.net/. Use namespace http://www.hibernate.org/dtd/ instead. Refer to Hibernate 3.6 Migration Guide!
145054 [Asterisk-Java DaemonPool-1-thread-1] WARN  org.hibernate.internal.util.xml.DTDEntityResolver  - HHH000223: Recognized obsolete hibernate namespace http://hibernate.sourceforge.net/. Use namespace http://www.hibernate.org/dtd/ instead. Refer to Hibernate 3.6 Migration Guide!
145145 [Asterisk-Java DaemonPool-1-thread-1] WARN  org.hibernate.internal.util.xml.DTDEntityResolver  - HHH000223: Recognized obsolete hibernate namespace http://hibernate.sourceforge.net/. Use namespace http://www.hibernate.org/dtd/ instead. Refer to Hibernate 3.6 Migration Guide!
145215 [Asterisk-Java DaemonPool-1-thread-1] WARN  org.hibernate.internal.util.xml.DTDEntityResolver  - HHH000223: Recognized obsolete hibernate namespace http://hibernate.sourceforge.net/. Use namespace http://www.hibernate.org/dtd/ instead. Refer to Hibernate 3.6 Migration Guide!
145271 [Asterisk-Java DaemonPool-1-thread-1] WARN  org.hibernate.internal.util.xml.DTDEntityResolver  - HHH000223: Recognized obsolete hibernate namespace http://hibernate.sourceforge.net/. Use namespace http://www.hibernate.org/dtd/ instead. Refer to Hibernate 3.6 Migration Guide!
145334 [Asterisk-Java DaemonPool-1-thread-1] WARN  org.hibernate.internal.util.xml.DTDEntityResolver  - HHH000223: Recognized obsolete hibernate namespace http://hibernate.sourceforge.net/. Use namespace http://www.hibernate.org/dtd/ instead. Refer to Hibernate 3.6 Migration Guide!
635  [pool-1-thread-1] WARN  org.hibernate.internal.util.xml.DTDEntityResolver  - HHH000223: Recognized obsolete hibernate namespace http://hibernate.sourceforge.net/. Use namespace http://www.hibernate.org/dtd/ instead. Refer to Hibernate 3.6 Migration Guide!
837  [pool-1-thread-1] WARN  org.hibernate.internal.util.xml.DTDEntityResolver  - HHH000223: Recognized obsolete hibernate namespace http://hibernate.sourceforge.net/. Use namespace http://www.hibernate.org/dtd/ instead. Refer to Hibernate 3.6 Migration Guide!
972  [pool-1-thread-1] WARN  org.hibernate.internal.util.xml.DTDEntityResolver  - HHH000223: Recognized obsolete hibernate namespace http://hibernate.sourceforge.net/. Use namespace http://www.hibernate.org/dtd/ instead. Refer to Hibernate 3.6 Migration Guide!
1070 [pool-1-thread-1] WARN  org.hibernate.internal.util.xml.DTDEntityResolver  - HHH000223: Recognized obsolete hibernate namespace http://hibernate.sourceforge.net/. Use namespace http://www.hibernate.org/dtd/ instead. Refer to Hibernate 3.6 Migration Guide!
1159 [pool-1-thread-1] WARN  org.hibernate.internal.util.xml.DTDEntityResolver  - HHH000223: Recognized obsolete hibernate namespace http://hibernate.sourceforge.net/. Use namespace http://www.hibernate.org/dtd/ instead. Refer to Hibernate 3.6 Migration Guide!
1230 [pool-1-thread-1] WARN  org.hibernate.internal.util.xml.DTDEntityResolver  - HHH000223: Recognized obsolete hibernate namespace http://hibernate.sourceforge.net/. Use namespace http://www.hibernate.org/dtd/ instead. Refer to Hibernate 3.6 Migration Guide!
1298 [pool-1-thread-1] WARN  org.hibernate.internal.util.xml.DTDEntityResolver  - HHH000223: Recognized obsolete hibernate namespace http://hibernate.sourceforge.net/. Use namespace http://www.hibernate.org/dtd/ instead. Refer to Hibernate 3.6 Migration Guide!
181  [pool-1-thread-1] WARN  org.hibernate.internal.util.xml.DTDEntityResolver  - HHH000223: Recognized obsolete hibernate namespace http://hibernate.sourceforge.net/. Use namespace http://www.hibernate.org/dtd/ instead. Refer to Hibernate 3.6 Migration Guide!
279  [pool-1-thread-1] WARN  org.hibernate.internal.util.xml.DTDEntityResolver  - HHH000223: Recognized obsolete hibernate namespace http://hibernate.sourceforge.net/. Use namespace http://www.hibernate.org/dtd/ instead. Refer to Hibernate 3.6 Migration Guide!
435  [pool-1-thread-1] WARN  org.hibernate.internal.util.xml.DTDEntityResolver  - HHH000223: Recognized obsolete hibernate namespace http://hibernate.sourceforge.net/. Use namespace http://www.hibernate.org/dtd/ instead. Refer to Hibernate 3.6 Migration Guide!
547  [pool-1-thread-1] WARN  org.hibernate.internal.util.xml.DTDEntityResolver  - HHH000223: Recognized obsolete hibernate namespace http://hibernate.sourceforge.net/. Use namespace http://www.hibernate.org/dtd/ instead. Refer to Hibernate 3.6 Migration Guide!
631  [pool-1-thread-1] WARN  org.hibernate.internal.util.xml.DTDEntityResolver  - HHH000223: Recognized obsolete hibernate namespace http://hibernate.sourceforge.net/. Use namespace http://www.hibernate.org/dtd/ instead. Refer to Hibernate 3.6 Migration Guide!
697  [pool-1-thread-1] WARN  org.hibernate.internal.util.xml.DTDEntityResolver  - HHH000223: Recognized obsolete hibernate namespace http://hibernate.sourceforge.net/. Use namespace http://www.hibernate.org/dtd/ instead. Refer to Hibernate 3.6 Migration Guide!
756  [pool-1-thread-1] WARN  org.hibernate.internal.util.xml.DTDEntityResolver  - HHH000223: Recognized obsolete hibernate namespace http://hibernate.sourceforge.net/. Use namespace http://www.hibernate.org/dtd/ instead. Refer to Hibernate 3.6 Migration Guide!
523747 [Asterisk-Java DaemonPool-1-thread-1] WARN  org.hibernate.internal.util.xml.DTDEntityResolver  - HHH000223: Recognized obsolete hibernate namespace http://hibernate.sourceforge.net/. Use namespace http://www.hibernate.org/dtd/ instead. Refer to Hibernate 3.6 Migration Guide!
523856 [Asterisk-Java DaemonPool-1-thread-1] WARN  org.hibernate.internal.util.xml.DTDEntityResolver  - HHH000223: Recognized obsolete hibernate namespace http://hibernate.sourceforge.net/. Use namespace http://www.hibernate.org/dtd/ instead. Refer to Hibernate 3.6 Migration Guide!
523998 [Asterisk-Java DaemonPool-1-thread-1] WARN  org.hibernate.internal.util.xml.DTDEntityResolver  - HHH000223: Recognized obsolete hibernate namespace http://hibernate.sourceforge.net/. Use namespace http://www.hibernate.org/dtd/ instead. Refer to Hibernate 3.6 Migration Guide!
524117 [Asterisk-Java DaemonPool-1-thread-1] WARN  org.hibernate.internal.util.xml.DTDEntityResolver  - HHH000223: Recognized obsolete hibernate namespace http://hibernate.sourceforge.net/. Use namespace http://www.hibernate.org/dtd/ instead. Refer to Hibernate 3.6 Migration Guide!
524195 [Asterisk-Java DaemonPool-1-thread-1] WARN  org.hibernate.internal.util.xml.DTDEntityResolver  - HHH000223: Recognized obsolete hibernate namespace http://hibernate.sourceforge.net/. Use namespace http://www.hibernate.org/dtd/ instead. Refer to Hibernate 3.6 Migration Guide!
524268 [Asterisk-Java DaemonPool-1-thread-1] WARN  org.hibernate.internal.util.xml.DTDEntityResolver  - HHH000223: Recognized obsolete hibernate namespace http://hibernate.sourceforge.net/. Use namespace http://www.hibernate.org/dtd/ instead. Refer to Hibernate 3.6 Migration Guide!
524342 [Asterisk-Java DaemonPool-1-thread-1] WARN  org.hibernate.internal.util.xml.DTDEntityResolver  - HHH000223: Recognized obsolete hibernate namespace http://hibernate.sourceforge.net/. Use namespace http://www.hibernate.org/dtd/ instead. Refer to Hibernate 3.6 Migration Guide!
